build/app/intermediates/manifest_merge_blame_file/debug/manifest-merger-blame-debug-report.txt
1<?xml version="1.0" encoding="utf-8"?>
2<manifest xmlns:android="http://schemas.android.com/apk/res/android"
3    package="com.sms.vocemonitorapoa"
4    android:versionCode="3"
5    android:versionName="3.0.1" >
6
7    <uses-sdk
8        android:minSdkVersion="16"
9        android:targetSdkVersion="28" />
10    <!--
11         Flutter needs it to communicate with the running application
12         to allow setting breakpoints, to provide hot reload, etc.
13    -->
14    <uses-permission android:name="android.permission.INTERNET" />
14-->src\main\AndroidManifest.xml:8:5-66
14-->src\main\AndroidManifest.xml:8:22-64
15    <uses-permission android:name="android.permission.ACCESS_NETWORK_STATE" />
15-->[com.google.android.gms:play-services-measurement:17.3.0] AndroidManifest.xml:24:5-79
15-->[com.google.android.gms:play-services-measurement:17.3.0] AndroidManifest.xml:24:22-76
16    <uses-permission android:name="android.permission.WAKE_LOCK" />
16-->[com.google.android.gms:play-services-measurement:17.3.0] AndroidManifest.xml:25:5-68
16-->[com.google.android.gms:play-services-measurement:17.3.0] AndroidManifest.xml:25:22-65
17    <uses-permission android:name="com.google.android.finsky.permission.BIND_GET_INSTALL_REFERRER_SERVICE" /> <!-- Required by older versions of Google Play services to create IID tokens -->
17-->[com.google.android.gms:play-services-measurement:17.3.0] AndroidManifest.xml:26:5-110
17-->[com.google.android.gms:play-services-measurement:17.3.0] AndroidManifest.xml:26:22-107
18    <uses-permission android:name="com.google.android.c2dm.permission.RECEIVE" />
18-->[com.google.firebase:firebase-iid:20.0.2] AndroidManifest.xml:26:5-82
18-->[com.google.firebase:firebase-iid:20.0.2] AndroidManifest.xml:26:22-79
19    <!--
20 io.flutter.app.FlutterApplication is an android.app.Application that
21         calls FlutterMain.startInitialization(this); in its onCreate method.
22         In most cases you can leave this as-is, but you if you want to provide
23         additional functionality it is fine to subclass or reimplement
24         FlutterApplication and put your custom class here.
25    -->
26    <application
26-->src\main\AndroidManifest.xml:15:5-75:19
27        android:name="io.flutter.app.FlutterApplication"
27-->src\main\AndroidManifest.xml:16:9-57
28        android:appComponentFactory="androidx.core.app.CoreComponentFactory"
28-->[androidx.core:core:1.0.0] AndroidManifest.xml:22:18-86
29        android:debuggable="true"
30        android:icon="@mipmap/launcher_icon"
30-->src\main\AndroidManifest.xml:18:9-45
31        android:label="Você Monitora POA"
31-->src\main\AndroidManifest.xml:17:9-42
32        android:supportsRtl="true" >
32-->[com.facebook.android:facebook-login:5.15.3] AndroidManifest.xml:28:18-44
33        <activity
33-->src\main\AndroidManifest.xml:19:9-47:20
34            android:name="com.sms.vocemonitorapoa.MainActivity"
34-->src\main\AndroidManifest.xml:20:13-41
35            android:configChanges="orientation|keyboardHidden|keyboard|screenSize|smallestScreenSize|locale|layoutDirection|fontScale|screenLayout|density|uiMode"
35-->src\main\AndroidManifest.xml:23:13-163
36            android:hardwareAccelerated="true"
36-->src\main\AndroidManifest.xml:24:13-47
37            android:launchMode="singleTop"
37-->src\main\AndroidManifest.xml:21:13-43
38            android:theme="@style/LaunchTheme"
38-->src\main\AndroidManifest.xml:22:13-47
39            android:windowSoftInputMode="adjustResize" >
39-->src\main\AndroidManifest.xml:25:13-55
40
41            <!--
42                 Specifies an Android theme to apply to this Activity as soon as
43                 the Android process has started. This theme is visible to the user
44                 while the Flutter UI initializes. After that, this theme continues
45                 to determine the Window background behind the Flutter UI.
46            -->
47            <meta-data
47-->src\main\AndroidManifest.xml:30:13-33:17
48                android:name="io.flutter.embedding.android.NormalTheme"
48-->src\main\AndroidManifest.xml:31:15-70
49                android:resource="@style/NormalTheme" />
49-->src\main\AndroidManifest.xml:32:15-52
50            <!--
51                 Displays an Android View that continues showing the launch screen
52                 Drawable until Flutter paints its first frame, then this splash
53                 screen fades out. A splash screen is useful to avoid any visual
54                 gap between the end of Android's launch screen and the painting of
55                 Flutter's first frame.
56            -->
57            <meta-data
57-->src\main\AndroidManifest.xml:39:13-42:17
58                android:name="io.flutter.embedding.android.SplashScreenDrawable"
58-->src\main\AndroidManifest.xml:40:15-79
59                android:resource="@drawable/launch_background" />
59-->src\main\AndroidManifest.xml:41:15-61
60
61            <intent-filter>
61-->src\main\AndroidManifest.xml:43:13-46:29
62                <action android:name="android.intent.action.MAIN" />
62-->src\main\AndroidManifest.xml:44:17-68
62-->src\main\AndroidManifest.xml:44:25-66
63
64                <category android:name="android.intent.category.LAUNCHER" />
64-->src\main\AndroidManifest.xml:45:17-76
64-->src\main\AndroidManifest.xml:45:27-74
65            </intent-filter>
66        </activity>
67
68        <!--
69             Don't delete the meta-data below.
70             This is used by the Flutter tool to generate GeneratedPluginRegistrant.java
71        -->
72        <meta-data
72-->src\main\AndroidManifest.xml:51:9-53:33
73            android:name="flutterEmbedding"
73-->src\main\AndroidManifest.xml:52:13-44
74            android:value="2" />
74-->src\main\AndroidManifest.xml:53:13-30
75        <meta-data
75-->src\main\AndroidManifest.xml:55:9-57:54
76            android:name="com.facebook.sdk.ApplicationId"
76-->src\main\AndroidManifest.xml:56:13-58
77            android:value="@string/facebook_app_id" />
77-->src\main\AndroidManifest.xml:57:13-52
78
79        <activity
79-->src\main\AndroidManifest.xml:59:9-62:48
80            android:name="com.facebook.FacebookActivity"
80-->src\main\AndroidManifest.xml:60:13-57
81            android:configChanges="keyboard|keyboardHidden|screenLayout|screenSize|orientation"
81-->src\main\AndroidManifest.xml:61:13-97
82            android:label="@string/app_name"
82-->src\main\AndroidManifest.xml:62:13-45
83            android:theme="@style/com_facebook_activity_theme" />
83-->[com.facebook.android:facebook-common:5.15.3] AndroidManifest.xml:33:13-63
84        <activity
84-->src\main\AndroidManifest.xml:63:9-73:16
85            android:name="com.facebook.CustomTabActivity"
85-->src\main\AndroidManifest.xml:64:13-58
86            android:exported="true" >
86-->src\main\AndroidManifest.xml:65:13-36
87            <intent-filter>
87-->src\main\AndroidManifest.xml:66:13-72:22
88                <action android:name="android.intent.action.VIEW" />
88-->src\main\AndroidManifest.xml:66:28-80
88-->src\main\AndroidManifest.xml:66:36-77
89
90                <category android:name="android.intent.category.DEFAULT" />
90-->src\main\AndroidManifest.xml:68:13-72
90-->src\main\AndroidManifest.xml:68:23-69
91                <category android:name="android.intent.category.BROWSABLE" />
91-->src\main\AndroidManifest.xml:69:13-74
91-->src\main\AndroidManifest.xml:69:23-71
92
93                <data android:scheme="@string/fb_login_protocol_scheme" />
93-->src\main\AndroidManifest.xml:71:9-67
93-->src\main\AndroidManifest.xml:71:15-64
94            </intent-filter>
95            <intent-filter>
95-->[com.facebook.android:facebook-common:5.15.3] AndroidManifest.xml:39:13-48:29
96                <action android:name="android.intent.action.VIEW" />
96-->src\main\AndroidManifest.xml:66:28-80
96-->src\main\AndroidManifest.xml:66:36-77
97
98                <category android:name="android.intent.category.DEFAULT" />
98-->src\main\AndroidManifest.xml:68:13-72
98-->src\main\AndroidManifest.xml:68:23-69
99                <category android:name="android.intent.category.BROWSABLE" />
99-->src\main\AndroidManifest.xml:69:13-74
99-->src\main\AndroidManifest.xml:69:23-71
100
101                <data
101-->src\main\AndroidManifest.xml:71:9-67
102                    android:host="cct.com.sms.vocemonitorapoa"
103                    android:scheme="fbconnect" />
103-->src\main\AndroidManifest.xml:71:15-64
104            </intent-filter>
105        </activity>
106
107        <service
107-->[:firebase_auth] AndroidManifest.xml:8:9-12:19
108            android:name="com.google.firebase.components.ComponentDiscoveryService"
108-->[:firebase_auth] AndroidManifest.xml:8:18-89
109            android:directBootAware="true"
109-->[com.google.firebase:firebase-common:19.3.0] AndroidManifest.xml:34:13-43
110            android:exported="false" >
110-->[com.google.firebase:firebase-auth:19.2.0] AndroidManifest.xml:35:13-37
111            <meta-data
111-->[:firebase_auth] AndroidManifest.xml:9:13-11:85
112                android:name="com.google.firebase.components:io.flutter.plugins.firebaseauth.FlutterFirebaseAppRegistrar"
112-->[:firebase_auth] AndroidManifest.xml:10:17-122
113                android:value="com.google.firebase.components.ComponentRegistrar" />
113-->[:firebase_auth] AndroidManifest.xml:11:17-82
114            <meta-data
114-->[:firebase_database] AndroidManifest.xml:9:13-11:85
115                android:name="com.google.firebase.components:io.flutter.plugins.firebase.database.FlutterFirebaseAppRegistrar"
115-->[:firebase_database] AndroidManifest.xml:10:17-127
116                android:value="com.google.firebase.components.ComponentRegistrar" />
116-->[:firebase_database] AndroidManifest.xml:11:17-82
117            <meta-data
117-->[:firebase_core] AndroidManifest.xml:9:13-11:85
118                android:name="com.google.firebase.components:io.flutter.plugins.firebase.core.FlutterFirebaseAppRegistrar"
118-->[:firebase_core] AndroidManifest.xml:10:17-123
119                android:value="com.google.firebase.components.ComponentRegistrar" />
119-->[:firebase_core] AndroidManifest.xml:11:17-82
120            <meta-data
120-->[com.google.firebase:firebase-auth:19.2.0] AndroidManifest.xml:36:13-38:85
121                android:name="com.google.firebase.components:com.google.firebase.auth.FirebaseAuthRegistrar"
121-->[com.google.firebase:firebase-auth:19.2.0] AndroidManifest.xml:37:17-109
122                android:value="com.google.firebase.components.ComponentRegistrar" />
122-->[com.google.firebase:firebase-auth:19.2.0] AndroidManifest.xml:38:17-82
123            <meta-data
123-->[com.google.android.gms:play-services-measurement-api:17.3.0] AndroidManifest.xml:30:13-32:85
124                android:name="com.google.firebase.components:com.google.firebase.analytics.connector.internal.AnalyticsConnectorRegistrar"
124-->[com.google.android.gms:play-services-measurement-api:17.3.0] AndroidManifest.xml:31:17-139
125                android:value="com.google.firebase.components.ComponentRegistrar" />
125-->[com.google.android.gms:play-services-measurement-api:17.3.0] AndroidManifest.xml:32:17-82
126            <meta-data
126-->[com.google.firebase:firebase-database:17.0.0] AndroidManifest.xml:30:13-32:85
127                android:name="com.google.firebase.components:com.google.firebase.database.DatabaseRegistrar"
127-->[com.google.firebase:firebase-database:17.0.0] AndroidManifest.xml:31:17-109
128                android:value="com.google.firebase.components.ComponentRegistrar" />
128-->[com.google.firebase:firebase-database:17.0.0] AndroidManifest.xml:32:17-82
129            <meta-data
129-->[com.google.firebase:firebase-iid:20.0.2] AndroidManifest.xml:32:13-34:85
130                android:name="com.google.firebase.components:com.google.firebase.iid.Registrar"
130-->[com.google.firebase:firebase-iid:20.0.2] AndroidManifest.xml:33:17-96
131                android:value="com.google.firebase.components.ComponentRegistrar" />
131-->[com.google.firebase:firebase-iid:20.0.2] AndroidManifest.xml:34:17-82
132        </service>
133
134        <activity
134-->[:url_launcher] AndroidManifest.xml:8:9-11:74
135            android:name="io.flutter.plugins.urllauncher.WebViewActivity"
135-->[:url_launcher] AndroidManifest.xml:9:13-74
136            android:exported="false"
136-->[:url_launcher] AndroidManifest.xml:10:13-37
137            android:theme="@android:style/Theme.NoTitleBar.Fullscreen" />
137-->[:url_launcher] AndroidManifest.xml:11:13-71
138        <activity android:name="com.facebook.CustomTabMainActivity" />
138-->[com.facebook.android:facebook-common:5.15.3] AndroidManifest.xml:34:9-71
138-->[com.facebook.android:facebook-common:5.15.3] AndroidManifest.xml:34:19-68
139        <activity
139-->[com.google.firebase:firebase-auth:19.2.0] AndroidManifest.xml:24:9-31:50
140            android:name="com.google.firebase.auth.internal.FederatedSignInActivity"
140-->[com.google.firebase:firebase-auth:19.2.0] AndroidManifest.xml:25:13-85
141            android:excludeFromRecents="true"
141-->[com.google.firebase:firebase-auth:19.2.0] AndroidManifest.xml:26:13-46
142            android:exported="true"
142-->[com.google.firebase:firebase-auth:19.2.0] AndroidManifest.xml:27:13-36
143            android:launchMode="singleTask"
143-->[com.google.firebase:firebase-auth:19.2.0] AndroidManifest.xml:28:13-44
144            android:permission="com.google.firebase.auth.api.gms.permission.LAUNCH_FEDERATED_SIGN_IN"
144-->[com.google.firebase:firebase-auth:19.2.0] AndroidManifest.xml:29:13-102
145            android:theme="@android:style/Theme.Translucent.NoTitleBar" />
145-->[com.google.firebase:firebase-auth:19.2.0] AndroidManifest.xml:30:13-72
146
147        <receiver
147-->[com.google.android.gms:play-services-measurement:17.3.0] AndroidManifest.xml:29:9-33:20
148            android:name="com.google.android.gms.measurement.AppMeasurementReceiver"
148-->[com.google.android.gms:play-services-measurement:17.3.0] AndroidManifest.xml:30:13-85
149            android:enabled="true"
149-->[com.google.android.gms:play-services-measurement:17.3.0] AndroidManifest.xml:31:13-35
150            android:exported="false" >
150-->[com.google.android.gms:play-services-measurement:17.3.0] AndroidManifest.xml:32:13-37
151        </receiver>
152        <receiver
152-->[com.google.android.gms:play-services-measurement:17.3.0] AndroidManifest.xml:34:9-42:20
153            android:name="com.google.android.gms.measurement.AppMeasurementInstallReferrerReceiver"
153-->[com.google.android.gms:play-services-measurement:17.3.0] AndroidManifest.xml:35:13-100
154            android:enabled="true"
154-->[com.google.android.gms:play-services-measurement:17.3.0] AndroidManifest.xml:36:13-35
155            android:exported="true"
155-->[com.google.android.gms:play-services-measurement:17.3.0] AndroidManifest.xml:37:13-36
156            android:permission="android.permission.INSTALL_PACKAGES" >
156-->[com.google.android.gms:play-services-measurement:17.3.0] AndroidManifest.xml:38:13-69
157            <intent-filter>
157-->[com.google.android.gms:play-services-measurement:17.3.0] AndroidManifest.xml:39:13-41:29
158                <action android:name="com.android.vending.INSTALL_REFERRER" />
158-->[com.google.android.gms:play-services-measurement:17.3.0] AndroidManifest.xml:40:17-79
158-->[com.google.android.gms:play-services-measurement:17.3.0] AndroidManifest.xml:40:25-76
159            </intent-filter>
160        </receiver>
161
162        <service
162-->[com.google.android.gms:play-services-measurement:17.3.0] AndroidManifest.xml:44:9-47:40
163            android:name="com.google.android.gms.measurement.AppMeasurementService"
163-->[com.google.android.gms:play-services-measurement:17.3.0] AndroidManifest.xml:45:13-84
164            android:enabled="true"
164-->[com.google.android.gms:play-services-measurement:17.3.0] AndroidManifest.xml:46:13-35
165            android:exported="false" />
165-->[com.google.android.gms:play-services-measurement:17.3.0] AndroidManifest.xml:47:13-37
166        <service
166-->[com.google.android.gms:play-services-measurement:17.3.0] AndroidManifest.xml:48:9-52:72
167            android:name="com.google.android.gms.measurement.AppMeasurementJobService"
167-->[com.google.android.gms:play-services-measurement:17.3.0] AndroidManifest.xml:49:13-87
168            android:enabled="true"
168-->[com.google.android.gms:play-services-measurement:17.3.0] AndroidManifest.xml:50:13-35
169            android:exported="false"
169-->[com.google.android.gms:play-services-measurement:17.3.0] AndroidManifest.xml:51:13-37
170            android:permission="android.permission.BIND_JOB_SERVICE" />
170-->[com.google.android.gms:play-services-measurement:17.3.0] AndroidManifest.xml:52:13-69
171
172        <activity
172-->[com.google.android.gms:play-services-auth:16.0.1] AndroidManifest.xml:23:9-27:75
173            android:name="com.google.android.gms.auth.api.signin.internal.SignInHubActivity"
173-->[com.google.android.gms:play-services-auth:16.0.1] AndroidManifest.xml:24:13-93
174            android:excludeFromRecents="true"
174-->[com.google.android.gms:play-services-auth:16.0.1] AndroidManifest.xml:25:13-46
175            android:exported="false"
175-->[com.google.android.gms:play-services-auth:16.0.1] AndroidManifest.xml:26:13-37
176            android:theme="@android:style/Theme.Translucent.NoTitleBar" />
176-->[com.google.android.gms:play-services-auth:16.0.1] AndroidManifest.xml:27:13-72
177        <!--
178            Service handling Google Sign-In user revocation. For apps that do not integrate with
179            Google Sign-In, this service will never be started.
180        -->
181        <service
181-->[com.google.android.gms:play-services-auth:16.0.1] AndroidManifest.xml:33:9-36:110
182            android:name="com.google.android.gms.auth.api.signin.RevocationBoundService"
182-->[com.google.android.gms:play-services-auth:16.0.1] AndroidManifest.xml:34:13-89
183            android:exported="true"
183-->[com.google.android.gms:play-services-auth:16.0.1] AndroidManifest.xml:35:13-36
184            android:permission="com.google.android.gms.auth.api.signin.permission.REVOCATION_NOTIFICATION" />
184-->[com.google.android.gms:play-services-auth:16.0.1] AndroidManifest.xml:36:13-107
185
186        <receiver
186-->[com.google.firebase:firebase-iid:20.0.2] AndroidManifest.xml:37:9-44:20
187            android:name="com.google.firebase.iid.FirebaseInstanceIdReceiver"
187-->[com.google.firebase:firebase-iid:20.0.2] AndroidManifest.xml:38:13-78
188            android:exported="true"
188-->[com.google.firebase:firebase-iid:20.0.2] AndroidManifest.xml:39:13-36
189            android:permission="com.google.android.c2dm.permission.SEND" >
189-->[com.google.firebase:firebase-iid:20.0.2] AndroidManifest.xml:40:13-73
190            <intent-filter>
190-->[com.google.firebase:firebase-iid:20.0.2] AndroidManifest.xml:41:13-43:29
191                <action android:name="com.google.android.c2dm.intent.RECEIVE" />
191-->[com.google.firebase:firebase-iid:20.0.2] AndroidManifest.xml:42:17-81
191-->[com.google.firebase:firebase-iid:20.0.2] AndroidManifest.xml:42:25-78
192            </intent-filter>
193        </receiver>
194
195        <provider
195-->[com.google.firebase:firebase-common:19.3.0] AndroidManifest.xml:26:9-30:39
196            android:name="com.google.firebase.provider.FirebaseInitProvider"
196-->[com.google.firebase:firebase-common:19.3.0] AndroidManifest.xml:27:13-77
197            android:authorities="com.sms.vocemonitorapoa.firebaseinitprovider"
197-->[com.google.firebase:firebase-common:19.3.0] AndroidManifest.xml:28:13-72
198            android:exported="false"
198-->[com.google.firebase:firebase-common:19.3.0] AndroidManifest.xml:29:13-37
199            android:initOrder="100" />
199-->[com.google.firebase:firebase-common:19.3.0] AndroidManifest.xml:30:13-36
200
201        <activity
201-->[com.google.android.gms:play-services-base:17.1.0] AndroidManifest.xml:23:9-26:75
202            android:name="com.google.android.gms.common.api.GoogleApiActivity"
202-->[com.google.android.gms:play-services-base:17.1.0] AndroidManifest.xml:24:13-79
203            android:exported="false"
203-->[com.google.android.gms:play-services-base:17.1.0] AndroidManifest.xml:25:13-37
204            android:theme="@android:style/Theme.Translucent.NoTitleBar" />
204-->[com.google.android.gms:play-services-base:17.1.0] AndroidManifest.xml:26:13-72
205
206        <meta-data
206-->[com.google.android.gms:play-services-basement:17.0.0] AndroidManifest.xml:23:9-25:69
207            android:name="com.google.android.gms.version"
207-->[com.google.android.gms:play-services-basement:17.0.0] AndroidManifest.xml:24:13-58
208            android:value="@integer/google_play_services_version" />
208-->[com.google.android.gms:play-services-basement:17.0.0] AndroidManifest.xml:25:13-66
209        <!--
210         The initialization ContentProvider will call FacebookSdk.sdkInitialize automatically
211         with the application context. This config is merged in with the host app's manifest,
212         but there can only be one provider with the same authority activated at any given
213         point; so if the end user has two or more different apps that use Facebook SDK, only the
214         first one will be able to use the provider. To work around this problem, we use the
215         following placeholder in the authority to identify each host application as if it was
216         a completely different provider.
217        -->
218        <provider
218-->[com.facebook.android:facebook-core:5.15.3] AndroidManifest.xml:39:9-42:40
219            android:name="com.facebook.internal.FacebookInitProvider"
219-->[com.facebook.android:facebook-core:5.15.3] AndroidManifest.xml:40:13-70
220            android:authorities="com.sms.vocemonitorapoa.FacebookInitProvider"
220-->[com.facebook.android:facebook-core:5.15.3] AndroidManifest.xml:41:13-72
221            android:exported="false" />
221-->[com.facebook.android:facebook-core:5.15.3] AndroidManifest.xml:42:13-37
222
223        <receiver
223-->[com.facebook.android:facebook-core:5.15.3] AndroidManifest.xml:44:9-50:20
224            android:name="com.facebook.CurrentAccessTokenExpirationBroadcastReceiver"
224-->[com.facebook.android:facebook-core:5.15.3] AndroidManifest.xml:45:13-86
225            android:exported="false" >
225-->[com.facebook.android:facebook-core:5.15.3] AndroidManifest.xml:46:13-37
226            <intent-filter>
226-->[com.facebook.android:facebook-core:5.15.3] AndroidManifest.xml:47:13-49:29
227                <action android:name="com.facebook.sdk.ACTION_CURRENT_ACCESS_TOKEN_CHANGED" />
227-->[com.facebook.android:facebook-core:5.15.3] AndroidManifest.xml:48:17-95
227-->[com.facebook.android:facebook-core:5.15.3] AndroidManifest.xml:48:25-92
228            </intent-filter>
229        </receiver>
230    </application>
231
232</manifest>